#
# A fatal error has been detected by the Java Runtime Environment:
#
#  EXCEPTION_ACCESS_VIOLATION (0xc0000005) at pc=0x0000000180005b00, pid=14852, tid=4556
#
# JRE version: Java(TM) SE Runtime Environment 18.9 (11.0.8+10) (build 11.0.8+10-LTS)
# Java VM: Java HotSpot(TM) 64-Bit Server VM 18.9 (11.0.8+10-LTS, mixed mode, tiered, compressed oops, g1 gc, windows-amd64)
# Problematic frame:
# C  [rxtxSerial.dll+0x5b00]
#
# No core dump will be written. Minidumps are not enabled by default on client versions of Windows
#
# If you would like to submit a bug report, please visit:
#   https://bugreport.java.com/bugreport/crash.jsp
# The crash happened outside the Java Virtual Machine in native code.
# See problematic frame for where to report the bug.
#

---------------  S U M M A R Y ------------

Command Line: -Dfile.encoding=UTF-8 arduino.ArduinoService

Host: Intel(R) Core(TM) i7-4500U CPU @ 1.80GHz, 4 cores, 7G,  Windows 10 , 64 bit Build 18362 (10.0.18362.959)
Time: Wed Jul 22 15:44:53 2020 Hora oficial do Brasil elapsed time: 23 seconds (0d 0h 0m 23s)

---------------  T H R E A D  ---------------

Current thread (0x0000023fdc96a800):  JavaThread "Thread-1" [_thread_in_native, id=4556, stack(0x0000004373b00000,0x0000004373c00000)]

Stack: [0x0000004373b00000,0x0000004373c00000],  sp=0x0000004373bfdf10,  free space=1015k
Native frames: (J=compiled Java code, j=interpreted, Vv=VM code, C=native code)
C  [rxtxSerial.dll+0x5b00]

Java frames: (J=compiled Java code, j=interpreted, Vv=VM code)
j  gnu.io.RXTXPort.readArray([BII)I+0
j  gnu.io.RXTXPort$SerialInputStream.read([BII)I+212
j  sun.nio.cs.StreamDecoder.readBytes()I+135 java.base@11.0.8
j  sun.nio.cs.StreamDecoder.implRead([CII)I+112 java.base@11.0.8
j  sun.nio.cs.StreamDecoder.read([CII)I+180 java.base@11.0.8
j  java.io.InputStreamReader.read([CII)I+7 java.base@11.0.8
j  java.io.BufferedReader.fill()V+145 java.base@11.0.8
j  java.io.BufferedReader.readLine(Z)Ljava/lang/String;+44 java.base@11.0.8
j  java.io.BufferedReader.readLine()Ljava/lang/String;+2 java.base@11.0.8
j  arduino.ArduinoSerial.serialEvent(Lgnu/io/SerialPortEvent;)V+13
j  gnu.io.RXTXPort.sendEvent(IZ)Z+382
v  ~StubRoutines::call_stub
j  gnu.io.RXTXPort.eventLoop()V+0
j  gnu.io.RXTXPort$MonitorThread.run()V+12
v  ~StubRoutines::call_stub

siginfo: EXCEPTION_ACCESS_VIOLATION (0xc0000005), reading address 0x0000000073bfed38


Register to memory mapping:

RIP=0x0000000180005b00 rxtxSerial.dll
RAX=0x0000000000000001 is an unknown value
RBX=0x0 is NULL
RCX=0x000000018001d4d5 rxtxSerial.dll
RDX=0xfffffffffffff665 is an unknown value
RSP=0x0000004373bfdf10 is pointing into the stack for thread: 0x0000023fdc96a800
RBP=
[error occurred during error reporting (printing register info), id 0xc0000005, EXCEPTION_ACCESS_VIOLATION (0xc0000005) at pc=0x00007fffec095c26]

Registers:
RAX=0x0000000000000001, RBX=0x0000000000000000, RCX=0x000000018001d4d5, RDX=0xfffffffffffff665
RSP=0x0000004373bfdf10, RBP=0x00000000ffffffff, RSI=0x0000000000000000, RDI=0x0000023fdc96ab40
R8 =0x0000000000000002, R9 =0xfffffffffffff63c, R10=0x0000000000000036, R11=0x8101010101010100
R12=0x0000000073bfed30, R13=0x0000000000000020, R14=0x0000004373bfe0f8, R15=0x0000000000000000
RIP=0x0000000180005b00, EFLAGS=0x0000000000010202

Top of Stack: (sp=0x0000004373bfdf10)
0x0000004373bfdf10:   0000000000000000 0000000000000000
0x0000004373bfdf20:   0000000000000000 0000023fdc96ab40
0x0000004373bfdf30:   0000000000000000 0000004373bfe0f8
0x0000004373bfdf40:   0000023fdc287568 0000000000000001
0x0000004373bfdf50:   0000023fdc96ab40 0000000000000020
0x0000004373bfdf60:   ffffffffffffffff 0000000180006211
0x0000004373bfdf70:   0000023fdc904100 ffffffffffffffff
0x0000004373bfdf80:   0000000000000001 0000023fdc904100
0x0000004373bfdf90:   0000000000000020 00000043ffffffff
0x0000004373bfdfa0:   0000004373bfe100 0000023fdc96a800
0x0000004373bfdfb0:   0000004373bfe9a0 00007fffec1206f3
0x0000004373bfdfc0:   0000004373bfdfe0 0000023fdc96a800
0x0000004373bfdfd0:   0000000000000148 0000000000000148
0x0000004373bfdfe0:   0000023fdc287570 00006112c376e271
0x0000004373bfdff0:   0000000000000625 0000023fdc287568
0x0000004373bfe000:   0000023fdc96a800 0000004373bfe100 

Instructions: (pc=0x0000000180005b00)
0x0000000180005ae0:   15 23 7a 01 00 48 8d 48 60 e8 3a 5d 00 00 4c 8b
0x0000000180005af0:   e5 8b ac 24 88 00 00 00 44 8b ac 24 80 00 00 00
0x0000000180005b00:   45 8b 74 24 08 41 89 5c 24 08 41 8b fd 85 ed 78
0x0000000180005b10:   09 ff 15 e9 14 01 00 44 8b f8 45 85 ed 7e 4a 90 


Stack slot to memory mapping:
stack at sp + 0 slots: 0x0 is NULL
stack at sp + 1 slots: 0x0 is NULL
stack at sp + 2 slots: 0x0 is NULL
stack at sp + 3 slots: 0x0000023fdc96ab40 points into unknown readable memory: 00 2d 77 ec ff 7f 00 00
stack at sp + 4 slots: 0x0 is NULL
stack at sp + 5 slots: 0x0000004373bfe0f8 is pointing into the stack for thread: 0x0000023fdc96a800
stack at sp + 6 slots: 0x0000023fdc287568 is pointing into metadata
stack at sp + 7 slots: 0x0000000000000001 is an unknown value


---------------  P R O C E S S  ---------------

Threads class SMR info:
_java_thread_list=0x0000023fdc966d90, length=12, elements={
0x0000023fdbd82800, 0x0000023fdbdaf000, 0x0000023fdc732800, 0x0000023fdbdb6800,
0x0000023fdbdb7800, 0x0000023fdbdbd800, 0x0000023fdbdc3800, 0x0000023fdc89e000,
0x0000023fdc887800, 0x0000023fdc952800, 0x0000023fbda97800, 0x0000023fdc96a800
}

Java Threads: ( => current thread )
  0x0000023fdbd82800 JavaThread "Reference Handler" daemon [_thread_blocked, id=24740, stack(0x0000004373000000,0x0000004373100000)]
  0x0000023fdbdaf000 JavaThread "Finalizer" daemon [_thread_blocked, id=5860, stack(0x0000004373100000,0x0000004373200000)]
  0x0000023fdc732800 JavaThread "Signal Dispatcher" daemon [_thread_blocked, id=26244, stack(0x0000004373200000,0x0000004373300000)]
  0x0000023fdbdb6800 JavaThread "Attach Listener" daemon [_thread_blocked, id=9184, stack(0x0000004373300000,0x0000004373400000)]
  0x0000023fdbdb7800 JavaThread "C2 CompilerThread0" daemon [_thread_blocked, id=14944, stack(0x0000004373400000,0x0000004373500000)]
  0x0000023fdbdbd800 JavaThread "C1 CompilerThread0" daemon [_thread_blocked, id=20680, stack(0x0000004373500000,0x0000004373600000)]
  0x0000023fdbdc3800 JavaThread "Sweeper thread" daemon [_thread_blocked, id=6936, stack(0x0000004373600000,0x0000004373700000)]
  0x0000023fdc89e000 JavaThread "Service Thread" daemon [_thread_blocked, id=25920, stack(0x0000004373700000,0x0000004373800000)]
  0x0000023fdc887800 JavaThread "Common-Cleaner" daemon [_thread_blocked, id=9280, stack(0x0000004373900000,0x0000004373a00000)]
  0x0000023fdc952800 JavaThread "Thread-0" [_thread_blocked, id=15464, stack(0x0000004373a00000,0x0000004373b00000)]
  0x0000023fbda97800 JavaThread "DestroyJavaVM" [_thread_blocked, id=17724, stack(0x0000004372900000,0x0000004372a00000)]
=>0x0000023fdc96a800 JavaThread "Thread-1" [_thread_in_native, id=4556, stack(0x0000004373b00000,0x0000004373c00000)]

Other Threads:
  0x0000023fdbd80800 VMThread "VM Thread" [stack: 0x0000004372f00000,0x0000004373000000] [id=25088]
  0x0000023fdc8cd000 WatcherThread [stack: 0x0000004373800000,0x0000004373900000] [id=16584]
  0x0000023fbdaae000 GCTaskThread "GC Thread#0" [stack: 0x0000004372a00000,0x0000004372b00000] [id=26508]
  0x0000023fbdadc800 ConcurrentGCThread "G1 Main Marker" [stack: 0x0000004372b00000,0x0000004372c00000] [id=8868]
  0x0000023fbdae0000 ConcurrentGCThread "G1 Conc#0" [stack: 0x0000004372c00000,0x0000004372d00000] [id=25108]
  0x0000023fdbbf0800 ConcurrentGCThread "G1 Refine#0" [stack: 0x0000004372d00000,0x0000004372e00000] [id=8332]
  0x0000023fdbbf1800 ConcurrentGCThread "G1 Young RemSet Sampling" [stack: 0x0000004372e00000,0x0000004372f00000] [id=17200]

Threads with active compile tasks:

VM state:not at safepoint (normal execution)

VM Mutex/Monitor currently owned by a thread: None

Heap address: 0x0000000083800000, size: 1992 MB, Compressed Oops mode: 32-bit
Narrow klass base: 0x0000000000000000, Narrow klass shift: 3
Compressed class space size: 1073741824 Address: 0x0000000100000000

Heap:
 garbage-first heap   total 129024K, used 2048K [0x0000000083800000, 0x0000000100000000)
  region size 1024K, 3 young (3072K), 0 survivors (0K)
 Metaspace       used 5726K, capacity 5832K, committed 6016K, reserved 1056768K
  class space    used 514K, capacity 560K, committed 640K, reserved 1048576K
Heap Regions: E=young(eden), S=young(survivor), O=old, HS=humongous(starts), HC=humongous(continues), CS=collection set, F=free, A=archive, TAMS=top-at-mark-start (previous, next)
|   0|0x0000000083800000, 0x0000000083800000, 0x0000000083900000|  0%| F|  |TAMS 0x0000000083800000, 0x0000000083800000| Untracked 
|   1|0x0000000083900000, 0x0000000083900000, 0x0000000083a00000|  0%| F|  |TAMS 0x0000000083900000, 0x0000000083900000| Untracked 
|   2|0x0000000083a00000, 0x0000000083a00000, 0x0000000083b00000|  0%| F|  |TAMS 0x0000000083a00000, 0x0000000083a00000| Untracked 
|   3|0x0000000083b00000, 0x0000000083b00000, 0x0000000083c00000|  0%| F|  |TAMS 0x0000000083b00000, 0x0000000083b00000| Untracked 
|   4|0x0000000083c00000, 0x0000000083c00000, 0x0000000083d00000|  0%| F|  |TAMS 0x0000000083c00000, 0x0000000083c00000| Untracked 
|   5|0x0000000083d00000, 0x0000000083d00000, 0x0000000083e00000|  0%| F|  |TAMS 0x0000000083d00000, 0x0000000083d00000| Untracked 
|   6|0x0000000083e00000, 0x0000000083e00000, 0x0000000083f00000|  0%| F|  |TAMS 0x0000000083e00000, 0x0000000083e00000| Untracked 
|   7|0x0000000083f00000, 0x0000000083f00000, 0x0000000084000000|  0%| F|  |TAMS 0x0000000083f00000, 0x0000000083f00000| Untracked 
|   8|0x0000000084000000, 0x0000000084000000, 0x0000000084100000|  0%| F|  |TAMS 0x0000000084000000, 0x0000000084000000| Untracked 
|   9|0x0000000084100000, 0x0000000084100000, 0x0000000084200000|  0%| F|  |TAMS 0x0000000084100000, 0x0000000084100000| Untracked 
|  10|0x0000000084200000, 0x0000000084200000, 0x0000000084300000|  0%| F|  |TAMS 0x0000000084200000, 0x0000000084200000| Untracked 
|  11|0x0000000084300000, 0x0000000084300000, 0x0000000084400000|  0%| F|  |TAMS 0x0000000084300000, 0x0000000084300000| Untracked 
|  12|0x0000000084400000, 0x0000000084400000, 0x0000000084500000|  0%| F|  |TAMS 0x0000000084400000, 0x0000000084400000| Untracked 
|  13|0x0000000084500000, 0x0000000084500000, 0x0000000084600000|  0%| F|  |TAMS 0x0000000084500000, 0x0000000084500000| Untracked 
|  14|0x0000000084600000, 0x0000000084600000, 0x0000000084700000|  0%| F|  |TAMS 0x0000000084600000, 0x0000000084600000| Untracked 
|  15|0x0000000084700000, 0x0000000084700000, 0x0000000084800000|  0%| F|  |TAMS 0x0000000084700000, 0x0000000084700000| Untracked 
|  16|0x0000000084800000, 0x0000000084800000, 0x0000000084900000|  0%| F|  |TAMS 0x0000000084800000, 0x0000000084800000| Untracked 
|  17|0x0000000084900000, 0x0000000084900000, 0x0000000084a00000|  0%| F|  |TAMS 0x0000000084900000, 0x0000000084900000| Untracked 
|  18|0x0000000084a00000, 0x0000000084a00000, 0x0000000084b00000|  0%| F|  |TAMS 0x0000000084a00000, 0x0000000084a00000| Untracked 
|  19|0x0000000084b00000, 0x0000000084b00000, 0x0000000084c00000|  0%| F|  |TAMS 0x0000000084b00000, 0x0000000084b00000| Untracked 
|  20|0x0000000084c00000, 0x0000000084c00000, 0x0000000084d00000|  0%| F|  |TAMS 0x0000000084c00000, 0x0000000084c00000| Untracked 
|  21|0x0000000084d00000, 0x0000000084d00000, 0x0000000084e00000|  0%| F|  |TAMS 0x0000000084d00000, 0x0000000084d00000| Untracked 
|  22|0x0000000084e00000, 0x0000000084e00000, 0x0000000084f00000|  0%| F|  |TAMS 0x0000000084e00000, 0x0000000084e00000| Untracked 
|  23|0x0000000084f00000, 0x0000000084f00000, 0x0000000085000000|  0%| F|  |TAMS 0x0000000084f00000, 0x0000000084f00000| Untracked 
|  24|0x0000000085000000, 0x0000000085000000, 0x0000000085100000|  0%| F|  |TAMS 0x0000000085000000, 0x0000000085000000| Untracked 
|  25|0x0000000085100000, 0x0000000085100000, 0x0000000085200000|  0%| F|  |TAMS 0x0000000085100000, 0x0000000085100000| Untracked 
|  26|0x0000000085200000, 0x0000000085200000, 0x0000000085300000|  0%| F|  |TAMS 0x0000000085200000, 0x0000000085200000| Untracked 
|  27|0x0000000085300000, 0x0000000085300000, 0x0000000085400000|  0%| F|  |TAMS 0x0000000085300000, 0x0000000085300000| Untracked 
|  28|0x0000000085400000, 0x0000000085400000, 0x0000000085500000|  0%| F|  |TAMS 0x0000000085400000, 0x0000000085400000| Untracked 
|  29|0x0000000085500000, 0x0000000085500000, 0x0000000085600000|  0%| F|  |TAMS 0x0000000085500000, 0x0000000085500000| Untracked 
|  30|0x0000000085600000, 0x0000000085600000, 0x0000000085700000|  0%| F|  |TAMS 0x0000000085600000, 0x0000000085600000| Untracked 
|  31|0x0000000085700000, 0x0000000085700000, 0x0000000085800000|  0%| F|  |TAMS 0x0000000085700000, 0x0000000085700000| Untracked 
|  32|0x0000000085800000, 0x0000000085800000, 0x0000000085900000|  0%| F|  |TAMS 0x0000000085800000, 0x0000000085800000| Untracked 
|  33|0x0000000085900000, 0x0000000085900000, 0x0000000085a00000|  0%| F|  |TAMS 0x0000000085900000, 0x0000000085900000| Untracked 
|  34|0x0000000085a00000, 0x0000000085a00000, 0x0000000085b00000|  0%| F|  |TAMS 0x0000000085a00000, 0x0000000085a00000| Untracked 
|  35|0x0000000085b00000, 0x0000000085b00000, 0x0000000085c00000|  0%| F|  |TAMS 0x0000000085b00000, 0x0000000085b00000| Untracked 
|  36|0x0000000085c00000, 0x0000000085c00000, 0x0000000085d00000|  0%| F|  |TAMS 0x0000000085c00000, 0x0000000085c00000| Untracked 
|  37|0x0000000085d00000, 0x0000000085d00000, 0x0000000085e00000|  0%| F|  |TAMS 0x0000000085d00000, 0x0000000085d00000| Untracked 
|  38|0x0000000085e00000, 0x0000000085e00000, 0x0000000085f00000|  0%| F|  |TAMS 0x0000000085e00000, 0x0000000085e00000| Untracked 
|  39|0x0000000085f00000, 0x0000000085f00000, 0x0000000086000000|  0%| F|  |TAMS 0x0000000085f00000, 0x0000000085f00000| Untracked 
|  40|0x0000000086000000, 0x0000000086000000, 0x0000000086100000|  0%| F|  |TAMS 0x0000000086000000, 0x0000000086000000| Untracked 
|  41|0x0000000086100000, 0x0000000086100000, 0x0000000086200000|  0%| F|  |TAMS 0x0000000086100000, 0x0000000086100000| Untracked 
|  42|0x0000000086200000, 0x0000000086200000, 0x0000000086300000|  0%| F|  |TAMS 0x0000000086200000, 0x0000000086200000| Untracked 
|  43|0x0000000086300000, 0x0000000086300000, 0x0000000086400000|  0%| F|  |TAMS 0x0000000086300000, 0x0000000086300000| Untracked 
|  44|0x0000000086400000, 0x0000000086400000, 0x0000000086500000|  0%| F|  |TAMS 0x0000000086400000, 0x0000000086400000| Untracked 
|  45|0x0000000086500000, 0x0000000086500000, 0x0000000086600000|  0%| F|  |TAMS 0x0000000086500000, 0x0000000086500000| Untracked 
|  46|0x0000000086600000, 0x0000000086600000, 0x0000000086700000|  0%| F|  |TAMS 0x0000000086600000, 0x0000000086600000| Untracked 
|  47|0x0000000086700000, 0x0000000086700000, 0x0000000086800000|  0%| F|  |TAMS 0x0000000086700000, 0x0000000086700000| Untracked 
|  48|0x0000000086800000, 0x0000000086800000, 0x0000000086900000|  0%| F|  |TAMS 0x0000000086800000, 0x0000000086800000| Untracked 
|  49|0x0000000086900000, 0x0000000086900000, 0x0000000086a00000|  0%| F|  |TAMS 0x0000000086900000, 0x0000000086900000| Untracked 
|  50|0x0000000086a00000, 0x0000000086a00000, 0x0000000086b00000|  0%| F|  |TAMS 0x0000000086a00000, 0x0000000086a00000| Untracked 
|  51|0x0000000086b00000, 0x0000000086b00000, 0x0000000086c00000|  0%| F|  |TAMS 0x0000000086b00000, 0x0000000086b00000| Untracked 
|  52|0x0000000086c00000, 0x0000000086c00000, 0x0000000086d00000|  0%| F|  |TAMS 0x0000000086c00000, 0x0000000086c00000| Untracked 
|  53|0x0000000086d00000, 0x0000000086d00000, 0x0000000086e00000|  0%| F|  |TAMS 0x0000000086d00000, 0x0000000086d00000| Untracked 
|  54|0x0000000086e00000, 0x0000000086e00000, 0x0000000086f00000|  0%| F|  |TAMS 0x0000000086e00000, 0x0000000086e00000| Untracked 
|  55|0x0000000086f00000, 0x0000000086f00000, 0x0000000087000000|  0%| F|  |TAMS 0x0000000086f00000, 0x0000000086f00000| Untracked 
|  56|0x0000000087000000, 0x0000000087000000, 0x0000000087100000|  0%| F|  |TAMS 0x0000000087000000, 0x0000000087000000| Untracked 
|  57|0x0000000087100000, 0x0000000087100000, 0x0000000087200000|  0%| F|  |TAMS 0x0000000087100000, 0x0000000087100000| Untracked 
|  58|0x0000000087200000, 0x0000000087200000, 0x0000000087300000|  0%| F|  |TAMS 0x0000000087200000, 0x0000000087200000| Untracked 
|  59|0x0000000087300000, 0x0000000087300000, 0x0000000087400000|  0%| F|  |TAMS 0x0000000087300000, 0x0000000087300000| Untracked 
|  60|0x0000000087400000, 0x0000000087400000, 0x0000000087500000|  0%| F|  |TAMS 0x0000000087400000, 0x0000000087400000| Untracked 
|  61|0x0000000087500000, 0x0000000087500000, 0x0000000087600000|  0%| F|  |TAMS 0x0000000087500000, 0x0000000087500000| Untracked 
|  62|0x0000000087600000, 0x0000000087600000, 0x0000000087700000|  0%| F|  |TAMS 0x0000000087600000, 0x0000000087600000| Untracked 
|  63|0x0000000087700000, 0x0000000087700000, 0x0000000087800000|  0%| F|  |TAMS 0x0000000087700000, 0x0000000087700000| Untracked 
|  64|0x0000000087800000, 0x0000000087800000, 0x0000000087900000|  0%| F|  |TAMS 0x0000000087800000, 0x0000000087800000| Untracked 
|  65|0x0000000087900000, 0x0000000087900000, 0x0000000087a00000|  0%| F|  |TAMS 0x0000000087900000, 0x0000000087900000| Untracked 
|  66|0x0000000087a00000, 0x0000000087a00000, 0x0000000087b00000|  0%| F|  |TAMS 0x0000000087a00000, 0x0000000087a00000| Untracked 
|  67|0x0000000087b00000, 0x0000000087b00000, 0x0000000087c00000|  0%| F|  |TAMS 0x0000000087b00000, 0x0000000087b00000| Untracked 
|  68|0x0000000087c00000, 0x0000000087c00000, 0x0000000087d00000|  0%| F|  |TAMS 0x0000000087c00000, 0x0000000087c00000| Untracked 
|  69|0x0000000087d00000, 0x0000000087d00000, 0x0000000087e00000|  0%| F|  |TAMS 0x0000000087d00000, 0x0000000087d00000| Untracked 
|  70|0x0000000087e00000, 0x0000000087e00000, 0x0000000087f00000|  0%| F|  |TAMS 0x0000000087e00000, 0x0000000087e00000| Untracked 
|  71|0x0000000087f00000, 0x0000000087f00000, 0x0000000088000000|  0%| F|  |TAMS 0x0000000087f00000, 0x0000000087f00000| Untracked 
|  72|0x0000000088000000, 0x0000000088000000, 0x0000000088100000|  0%| F|  |TAMS 0x0000000088000000, 0x0000000088000000| Untracked 
|  73|0x0000000088100000, 0x0000000088100000, 0x0000000088200000|  0%| F|  |TAMS 0x0000000088100000, 0x0000000088100000| Untracked 
|  74|0x0000000088200000, 0x0000000088200000, 0x0000000088300000|  0%| F|  |TAMS 0x0000000088200000, 0x0000000088200000| Untracked 
|  75|0x0000000088300000, 0x0000000088300000, 0x0000000088400000|  0%| F|  |TAMS 0x0000000088300000, 0x0000000088300000| Untracked 
|  76|0x0000000088400000, 0x0000000088400000, 0x0000000088500000|  0%| F|  |TAMS 0x0000000088400000, 0x0000000088400000| Untracked 
|  77|0x0000000088500000, 0x0000000088500000, 0x0000000088600000|  0%| F|  |TAMS 0x0000000088500000, 0x0000000088500000| Untracked 
|  78|0x0000000088600000, 0x0000000088600000, 0x0000000088700000|  0%| F|  |TAMS 0x0000000088600000, 0x0000000088600000| Untracked 
|  79|0x0000000088700000, 0x0000000088700000, 0x0000000088800000|  0%| F|  |TAMS 0x0000000088700000, 0x0000000088700000| Untracked 
|  80|0x0000000088800000, 0x0000000088800000, 0x0000000088900000|  0%| F|  |TAMS 0x0000000088800000, 0x0000000088800000| Untracked 
|  81|0x0000000088900000, 0x0000000088900000, 0x0000000088a00000|  0%| F|  |TAMS 0x0000000088900000, 0x0000000088900000| Untracked 
|  82|0x0000000088a00000, 0x0000000088a00000, 0x0000000088b00000|  0%| F|  |TAMS 0x0000000088a00000, 0x0000000088a00000| Untracked 
|  83|0x0000000088b00000, 0x0000000088b00000, 0x0000000088c00000|  0%| F|  |TAMS 0x0000000088b00000, 0x0000000088b00000| Untracked 
|  84|0x0000000088c00000, 0x0000000088c00000, 0x0000000088d00000|  0%| F|  |TAMS 0x0000000088c00000, 0x0000000088c00000| Untracked 
|  85|0x0000000088d00000, 0x0000000088d00000, 0x0000000088e00000|  0%| F|  |TAMS 0x0000000088d00000, 0x0000000088d00000| Untracked 
|  86|0x0000000088e00000, 0x0000000088e00000, 0x0000000088f00000|  0%| F|  |TAMS 0x0000000088e00000, 0x0000000088e00000| Untracked 
|  87|0x0000000088f00000, 0x0000000088f00000, 0x0000000089000000|  0%| F|  |TAMS 0x0000000088f00000, 0x0000000088f00000| Untracked 
|  88|0x0000000089000000, 0x0000000089000000, 0x0000000089100000|  0%| F|  |TAMS 0x0000000089000000, 0x0000000089000000| Untracked 
|  89|0x0000000089100000, 0x0000000089100000, 0x0000000089200000|  0%| F|  |TAMS 0x0000000089100000, 0x0000000089100000| Untracked 
|  90|0x0000000089200000, 0x0000000089200000, 0x0000000089300000|  0%| F|  |TAMS 0x0000000089200000, 0x0000000089200000| Untracked 
|  91|0x0000000089300000, 0x0000000089300000, 0x0000000089400000|  0%| F|  |TAMS 0x0000000089300000, 0x0000000089300000| Untracked 
|  92|0x0000000089400000, 0x0000000089400000, 0x0000000089500000|  0%| F|  |TAMS 0x0000000089400000, 0x0000000089400000| Untracked 
|  93|0x0000000089500000, 0x0000000089500000, 0x0000000089600000|  0%| F|  |TAMS 0x0000000089500000, 0x0000000089500000| Untracked 
|  94|0x0000000089600000, 0x0000000089600000, 0x0000000089700000|  0%| F|  |TAMS 0x0000000089600000, 0x0000000089600000| Untracked 
|  95|0x0000000089700000, 0x0000000089700000, 0x0000000089800000|  0%| F|  |TAMS 0x0000000089700000, 0x0000000089700000| Untracked 
|  96|0x0000000089800000, 0x0000000089800000, 0x0000000089900000|  0%| F|  |TAMS 0x0000000089800000, 0x0000000089800000| Untracked 
|  97|0x0000000089900000, 0x0000000089900000, 0x0000000089a00000|  0%| F|  |TAMS 0x0000000089900000, 0x0000000089900000| Untracked 
|  98|0x0000000089a00000, 0x0000000089a00000, 0x0000000089b00000|  0%| F|  |TAMS 0x0000000089a00000, 0x0000000089a00000| Untracked 
|  99|0x0000000089b00000, 0x0000000089b00000, 0x0000000089c00000|  0%| F|  |TAMS 0x0000000089b00000, 0x0000000089b00000| Untracked 
| 100|0x0000000089c00000, 0x0000000089c00000, 0x0000000089d00000|  0%| F|  |TAMS 0x0000000089c00000, 0x0000000089c00000| Untracked 
| 101|0x0000000089d00000, 0x0000000089d00000, 0x0000000089e00000|  0%| F|  |TAMS 0x0000000089d00000, 0x0000000089d00000| Untracked 
| 102|0x0000000089e00000, 0x0000000089e00000, 0x0000000089f00000|  0%| F|  |TAMS 0x0000000089e00000, 0x0000000089e00000| Untracked 
| 103|0x0000000089f00000, 0x0000000089f00000, 0x000000008a000000|  0%| F|  |TAMS 0x0000000089f00000, 0x0000000089f00000| Untracked 
| 104|0x000000008a000000, 0x000000008a000000, 0x000000008a100000|  0%| F|  |TAMS 0x000000008a000000, 0x000000008a000000| Untracked 
| 105|0x000000008a100000, 0x000000008a100000, 0x000000008a200000|  0%| F|  |TAMS 0x000000008a100000, 0x000000008a100000| Untracked 
| 106|0x000000008a200000, 0x000000008a200000, 0x000000008a300000|  0%| F|  |TAMS 0x000000008a200000, 0x000000008a200000| Untracked 
| 107|0x000000008a300000, 0x000000008a300000, 0x000000008a400000|  0%| F|  |TAMS 0x000000008a300000, 0x000000008a300000| Untracked 
| 108|0x000000008a400000, 0x000000008a400000, 0x000000008a500000|  0%| F|  |TAMS 0x000000008a400000, 0x000000008a400000| Untracked 
| 109|0x000000008a500000, 0x000000008a500000, 0x000000008a600000|  0%| F|  |TAMS 0x000000008a500000, 0x000000008a500000| Untracked 
| 110|0x000000008a600000, 0x000000008a600000, 0x000000008a700000|  0%| F|  |TAMS 0x000000008a600000, 0x000000008a600000| Untracked 
| 111|0x000000008a700000, 0x000000008a700000, 0x000000008a800000|  0%| F|  |TAMS 0x000000008a700000, 0x000000008a700000| Untracked 
| 112|0x000000008a800000, 0x000000008a800000, 0x000000008a900000|  0%| F|  |TAMS 0x000000008a800000, 0x000000008a800000| Untracked 
| 113|0x000000008a900000, 0x000000008a900000, 0x000000008aa00000|  0%| F|  |TAMS 0x000000008a900000, 0x000000008a900000| Untracked 
| 114|0x000000008aa00000, 0x000000008aa00000, 0x000000008ab00000|  0%| F|  |TAMS 0x000000008aa00000, 0x000000008aa00000| Untracked 
| 115|0x000000008ab00000, 0x000000008ab00000, 0x000000008ac00000|  0%| F|  |TAMS 0x000000008ab00000, 0x000000008ab00000| Untracked 
| 116|0x000000008ac00000, 0x000000008ac00000, 0x000000008ad00000|  0%| F|  |TAMS 0x000000008ac00000, 0x000000008ac00000| Untracked 
| 117|0x000000008ad00000, 0x000000008ad00000, 0x000000008ae00000|  0%| F|  |TAMS 0x000000008ad00000, 0x000000008ad00000| Untracked 
| 118|0x000000008ae00000, 0x000000008ae00000, 0x000000008af00000|  0%| F|  |TAMS 0x000000008ae00000, 0x000000008ae00000| Untracked 
| 119|0x000000008af00000, 0x000000008af00000, 0x000000008b000000|  0%| F|  |TAMS 0x000000008af00000, 0x000000008af00000| Untracked 
| 120|0x000000008b000000, 0x000000008b000000, 0x000000008b100000|  0%| F|  |TAMS 0x000000008b000000, 0x000000008b000000| Untracked 
| 121|0x000000008b100000, 0x000000008b100000, 0x000000008b200000|  0%| F|  |TAMS 0x000000008b100000, 0x000000008b100000| Untracked 
| 122|0x000000008b200000, 0x000000008b200000, 0x000000008b300000|  0%| F|  |TAMS 0x000000008b200000, 0x000000008b200000| Untracked 
| 123|0x000000008b300000, 0x000000008b3d80e0, 0x000000008b400000| 84%| E|  |TAMS 0x000000008b300000, 0x000000008b300000| Complete 
| 124|0x000000008b400000, 0x000000008b500000, 0x000000008b500000|100%| E|CS|TAMS 0x000000008b400000, 0x000000008b400000| Complete 
| 125|0x000000008b500000, 0x000000008b600000, 0x000000008b600000|100%| E|CS|TAMS 0x000000008b500000, 0x000000008b500000| Complete 

Card table byte_map: [0x0000023fd5290000,0x0000023fd5680000] _byte_map_base: 0x0000023fd4e74000

Marking Bits (Prev, Next): (CMBitMap*) 0x0000023fbdad41d8, (CMBitMap*) 0x0000023fbdad4210
 Prev Bits: [0x0000023fd5a70000, 0x0000023fd7990000)
 Next Bits: [0x0000023fd7990000, 0x0000023fd98b0000)

Polling page: 0x0000023fbb950000

Metaspace:

Usage:
  Non-class:      5.15 MB capacity,     5.09 MB ( 99%) used,    58.90 KB (  1%) free+waste,     1.56 KB ( <1%) overhead. 
      Class:    560.00 KB capacity,   514.90 KB ( 92%) used,    44.23 KB (  8%) free+waste,   896 bytes ( <1%) overhead. 
       Both:      5.70 MB capacity,     5.59 MB ( 98%) used,   103.13 KB (  2%) free+waste,     2.44 KB ( <1%) overhead. 

Virtual space:
  Non-class space:        8.00 MB reserved,       5.25 MB ( 66%) committed 
      Class space:        1.00 GB reserved,     640.00 KB ( <1%) committed 
             Both:        1.01 GB reserved,       5.88 MB ( <1%) committed 

Chunk freelists:
   Non-Class:  5.00 KB
       Class:  2.00 KB
        Both:  7.00 KB

CodeHeap 'non-profiled nmethods': size=120064Kb used=36Kb max_used=36Kb free=120027Kb
 bounds [0x0000023fcd960000, 0x0000023fcdbd0000, 0x0000023fd4ea0000]
CodeHeap 'profiled nmethods': size=120000Kb used=256Kb max_used=256Kb free=119743Kb
 bounds [0x0000023fc6430000, 0x0000023fc66a0000, 0x0000023fcd960000]
CodeHeap 'non-nmethods': size=5696Kb used=1029Kb max_used=1037Kb free=4666Kb
 bounds [0x0000023fc5ea0000, 0x0000023fc6110000, 0x0000023fc6430000]
 total_blobs=474 nmethods=173 adapters=213
 compilation: enabled
              stopped_count=0, restarted_count=0
 full_count=0

Compilation events (10 events):
Event: 2.206 Thread 0x0000023fdbdbd800  169       1       java.lang.Class::getClassLoader0 (5 bytes)
Event: 2.207 Thread 0x0000023fdbdbd800 nmethod 169 0x0000023fcd968c10 code [0x0000023fcd968da0, 0x0000023fcd968eb8]
Event: 23.229 Thread 0x0000023fdbdbd800  170       3       java.lang.StringBuilder::toString (35 bytes)
Event: 23.231 Thread 0x0000023fdbdbd800 nmethod 170 0x0000023fc646d210 code [0x0000023fc646d400, 0x0000023fc646d900]
Event: 23.232 Thread 0x0000023fdbdbd800  171       3       java.lang.StringUTF16::compress (50 bytes)
Event: 23.233 Thread 0x0000023fdbdbd800 nmethod 171 0x0000023fc646da90 code [0x0000023fc646dc40, 0x0000023fc646ded8]
Event: 23.236 Thread 0x0000023fdbdbd800  172       3       java.util.Properties::loadConvert (524 bytes)
Event: 23.242 Thread 0x0000023fdbdbd800 nmethod 172 0x0000023fc646e090 code [0x0000023fc646e3a0, 0x0000023fc646fa40]
Event: 23.275 Thread 0x0000023fdbdbd800  173       1       java.net.URL::getProtocol (5 bytes)
Event: 23.275 Thread 0x0000023fdbdbd800 nmethod 173 0x0000023fcd968f10 code [0x0000023fcd9690a0, 0x0000023fcd9691b8]

GC Heap History (0 events):
No events

Deoptimization events (1 events):
Event: 0.088 Thread 0x0000023fbda97800 Uncommon trap: reason=unstable_if action=reinterpret pc=0x0000023fcd9644fc method=java.lang.String.hashCode()I @ 14 c2

Classes redefined (0 events):
No events

Internal exceptions (5 events):
Event: 0.168 Thread 0x0000023fdc952800 Exception <a 'java/io/FileNotFoundException'{0x000000008b4c5a40}> (0x000000008b4c5a40) thrown at [./open/src/hotspot/share/prims/jni.cpp, line 611]
Event: 0.172 Thread 0x0000023fdc952800 Exception <a 'java/io/FileNotFoundException'{0x000000008b4d7748}> (0x000000008b4d7748) thrown at [./open/src/hotspot/share/prims/jni.cpp, line 611]
Event: 0.173 Thread 0x0000023fdc952800 Exception <a 'java/io/FileNotFoundException'{0x000000008b308c40}> (0x000000008b308c40) thrown at [./open/src/hotspot/share/prims/jni.cpp, line 611]
Event: 0.176 Thread 0x0000023fdc952800 Exception <a 'java/io/FileNotFoundException'{0x000000008b31a368}> (0x000000008b31a368) thrown at [./open/src/hotspot/share/prims/jni.cpp, line 611]
Event: 23.227 Thread 0x0000023fdc952800 Exception <a 'java/net/ConnectException'{0x000000008b393540}: Connection timed out: connect> (0x000000008b393540) thrown at [./open/src/hotspot/share/prims/jni.cpp, line 632]

Events (10 events):
Event: 23.274 Executing VM operation: RevokeBias
Event: 23.274 Executing VM operation: RevokeBias done
Event: 23.275 Executing VM operation: RevokeBias
Event: 23.275 Executing VM operation: RevokeBias done
Event: 23.275 loading class java/util/EventObject
Event: 23.275 loading class java/util/EventObject done
Event: 23.276 Executing VM operation: RevokeBias
Event: 23.276 Executing VM operation: RevokeBias done
Event: 23.276 Executing VM operation: RevokeBias
Event: 23.276 Executing VM operation: RevokeBias done


Dynamic libraries:
0x00007ff7cb120000 - 0x00007ff7cb12f000 	C:\Program Files\Java\jdk-11.0.8\bin\java.exe
0x00007ff84a660000 - 0x00007ff84a850000 	C:\WINDOWS\SYSTEM32\ntdll.dll
0x00007ff848c30000 - 0x00007ff848ce2000 	C:\WINDOWS\System32\KERNEL32.DLL
0x00007ff8478f0000 - 0x00007ff847b94000 	C:\WINDOWS\System32\KERNELBASE.dll
0x00007ff848580000 - 0x00007ff84867a000 	C:\WINDOWS\System32\ucrtbase.dll
0x00007ff843800000 - 0x00007ff843815000 	C:\Program Files\Java\jdk-11.0.8\bin\VCRUNTIME140.dll
0x00007ff8429a0000 - 0x00007ff8429b8000 	C:\Program Files\Java\jdk-11.0.8\bin\jli.dll
0x00007ff848780000 - 0x00007ff848823000 	C:\WINDOWS\System32\ADVAPI32.dll
0x00007ff8489d0000 - 0x00007ff848a6e000 	C:\WINDOWS\System32\msvcrt.dll
0x00007ff848e80000 - 0x00007ff848f17000 	C:\WINDOWS\System32\sechost.dll
0x00007ff84a150000 - 0x00007ff84a270000 	C:\WINDOWS\System32\RPCRT4.dll
0x00007ff848830000 - 0x00007ff8489c4000 	C:\WINDOWS\System32\USER32.dll
0x00007ff848550000 - 0x00007ff848571000 	C:\WINDOWS\System32\win32u.dll
0x00007ff84a5f0000 - 0x00007ff84a616000 	C:\WINDOWS\System32\GDI32.dll
0x00007ff847c20000 - 0x00007ff847db6000 	C:\WINDOWS\System32\gdi32full.dll
0x00007ff83c020000 - 0x00007ff83c2a4000 	C:\WINDOWS\WinSxS\amd64_microsoft.windows.common-controls_6595b64144ccf1df_6.0.18362.959_none_e6c7bbbf130c62bb\COMCTL32.dll
0x00007ff8486d0000 - 0x00007ff84876e000 	C:\WINDOWS\System32\msvcp_win.dll
0x00007ff849ac0000 - 0x00007ff849df5000 	C:\WINDOWS\System32\combase.dll
0x00007ff847ba0000 - 0x00007ff847c20000 	C:\WINDOWS\System32\bcryptPrimitives.dll
0x00007ff83f6d0000 - 0x00007ff83f6da000 	C:\WINDOWS\SYSTEM32\VERSION.dll
0x00007ff849390000 - 0x00007ff8493be000 	C:\WINDOWS\System32\IMM32.DLL
0x00007ff83b570000 - 0x00007ff83b60b000 	C:\Program Files\Java\jdk-11.0.8\bin\msvcp140.dll
0x00007fffebdc0000 - 0x00007fffec8a6000 	C:\Program Files\Java\jdk-11.0.8\bin\server\jvm.dll
0x00007ff849ab0000 - 0x00007ff849ab8000 	C:\WINDOWS\System32\PSAPI.DLL
0x00007ff8371f0000 - 0x00007ff8371f9000 	C:\WINDOWS\SYSTEM32\WSOCK32.dll
0x00007ff84a580000 - 0x00007ff84a5ef000 	C:\WINDOWS\System32\WS2_32.dll
0x00007ff844220000 - 0x00007ff844244000 	C:\WINDOWS\SYSTEM32\WINMM.dll
0x00007ff8441f0000 - 0x00007ff84421d000 	C:\WINDOWS\SYSTEM32\WINMMBASE.dll
0x00007ff847640000 - 0x00007ff84768a000 	C:\WINDOWS\System32\cfgmgr32.dll
0x00007ff8475f0000 - 0x00007ff847601000 	C:\WINDOWS\System32\kernel.appcore.dll
0x00007ff844250000 - 0x00007ff844260000 	C:\Program Files\Java\jdk-11.0.8\bin\verify.dll
0x00007ff838ac0000 - 0x00007ff838cb4000 	C:\WINDOWS\SYSTEM32\DBGHELP.DLL
0x00007ff838a90000 - 0x00007ff838aba000 	C:\WINDOWS\SYSTEM32\dbgcore.DLL
0x00007ff840750000 - 0x00007ff840778000 	C:\Program Files\Java\jdk-11.0.8\bin\java.dll
0x00007ff844050000 - 0x00007ff84405a000 	C:\Program Files\Java\jdk-11.0.8\bin\jimage.dll
0x00007ff842b30000 - 0x00007ff842b46000 	C:\Program Files\Java\jdk-11.0.8\bin\zip.dll
0x00007ff8493c0000 - 0x00007ff849aa6000 	C:\WINDOWS\System32\SHELL32.dll
0x00007ff849e00000 - 0x00007ff849ea9000 	C:\WINDOWS\System32\shcore.dll
0x00007ff847dc0000 - 0x00007ff848542000 	C:\WINDOWS\System32\windows.storage.dll
0x00007ff847610000 - 0x00007ff847633000 	C:\WINDOWS\System32\profapi.dll
0x00007ff847580000 - 0x00007ff8475ca000 	C:\WINDOWS\System32\powrprof.dll
0x00007ff847570000 - 0x00007ff847580000 	C:\WINDOWS\System32\UMPDC.dll
0x00007ff848bd0000 - 0x00007ff848c22000 	C:\WINDOWS\System32\shlwapi.dll
0x00007ff848680000 - 0x00007ff848697000 	C:\WINDOWS\System32\cryptsp.dll
0x00007ff842fd0000 - 0x00007ff842fe9000 	C:\Program Files\Java\jdk-11.0.8\bin\net.dll
0x00007ff83c460000 - 0x00007ff83c550000 	C:\WINDOWS\SYSTEM32\WINHTTP.dll
0x00007ff846de0000 - 0x00007ff846e47000 	C:\WINDOWS\system32\mswsock.dll
0x00007ff842af0000 - 0x00007ff842b02000 	C:\Program Files\Java\jdk-11.0.8\bin\nio.dll
0x00007ff840850000 - 0x00007ff840878000 	C:\Users\jpluc\AppData\Local\Temp\jSerialComm\1595443470694-jSerialComm.dll
0x00007ff848f20000 - 0x00007ff849390000 	C:\WINDOWS\System32\SETUPAPI.dll
0x00007ff8486a0000 - 0x00007ff8486c6000 	C:\WINDOWS\System32\bcrypt.dll
0x00007ff847370000 - 0x00007ff84739a000 	C:\WINDOWS\SYSTEM32\DEVOBJ.dll
0x00007ff847690000 - 0x00007ff8476ec000 	C:\WINDOWS\System32\WINTRUST.dll
0x00007ff8475d0000 - 0x00007ff8475e2000 	C:\WINDOWS\System32\MSASN1.dll
0x00007ff8477a0000 - 0x00007ff8478e9000 	C:\WINDOWS\System32\CRYPT32.dll
0x0000000180000000 - 0x0000000180025000 	C:\Program Files\Java\jdk-11.0.8\bin\rxtxSerial.dll

dbghelp: loaded successfully - version: 4.0.5 - missing functions: none
symbol engine: initialized successfully - sym options: 0x614 - pdb path: .;C:\Program Files\Java\jdk-11.0.8\bin;C:\WINDOWS\SYSTEM32;C:\WINDOWS\WinSxS\amd64_microsoft.windows.common-controls_6595b64144ccf1df_6.0.18362.959_none_e6c7bbbf130c62bb;C:\Program Files\Java\jdk-11.0.8\bin\server;C:\Users\jpluc\AppData\Local\Temp\jSerialComm

VM Arguments:
jvm_args: -Dfile.encoding=UTF-8 
java_command: arduino.ArduinoService
java_class_path (initial): C:\Users\jpluc\Documents\NetBeansProjects\ArduinoService\bin\Arduino\RXTXcomm.jar;C:\Users\jpluc\Documents\NetBeansProjects\ArduinoService\bin\JSON\java-json.jar;C:\Users\jpluc\Documents\NetBeansProjects\ArduinoService\bin\jSerialComm\jSerialComm-2.5.3.jar;C:\Users\jpluc\Documents\NetBeansProjects\ArduinoService\build\classes
Launcher Type: SUN_STANDARD

[Global flags]
     intx CICompilerCount                          = 3                                         {product} {ergonomic}
     uint ConcGCThreads                            = 1                                         {product} {ergonomic}
     uint G1ConcRefinementThreads                  = 4                                         {product} {ergonomic}
   size_t G1HeapRegionSize                         = 1048576                                   {product} {ergonomic}
    uintx GCDrainStackTargetSize                   = 64                                        {product} {ergonomic}
   size_t InitialHeapSize                          = 132120576                                 {product} {ergonomic}
   size_t MarkStackSize                            = 4194304                                   {product} {ergonomic}
   size_t MaxHeapSize                              = 2088763392                                {product} {ergonomic}
   size_t MaxNewSize                               = 1253048320                                {product} {ergonomic}
   size_t MinHeapDeltaBytes                        = 1048576                                   {product} {ergonomic}
    uintx NonNMethodCodeHeapSize                   = 5830732                                {pd product} {ergonomic}
    uintx NonProfiledCodeHeapSize                  = 122913754                              {pd product} {ergonomic}
    uintx ProfiledCodeHeapSize                     = 122913754                              {pd product} {ergonomic}
    uintx ReservedCodeCacheSize                    = 251658240                              {pd product} {ergonomic}
     bool SegmentedCodeCache                       = true                                      {product} {ergonomic}
     bool UseCompressedClassPointers               = true                                 {lp64_product} {ergonomic}
     bool UseCompressedOops                        = true                                 {lp64_product} {ergonomic}
     bool UseG1GC                                  = true                                      {product} {ergonomic}
     bool UseLargePagesIndividualAllocation        = false                                  {pd product} {ergonomic}

Logging:
Log output configuration:
 #0: stdout all=warning uptime,level,tags
 #1: stderr all=off uptime,level,tags

Environment Variables:
JAVA_HOME=C:\Program Files\Java\jdk-11.0.8
CLASSPATH=.;JAVA_HOME
PATH=C:\Program Files (x86)\Common Files\Oracle\Java\javapath;C:\Program Files\Common Files\Oracle\Java\javapath;C:\ProgramData\Oracle\Java\javapath;C:\WINDOWS\system32;C:\WINDOWS;C:\WINDOWS\System32\Wbem;C:\WINDOWS\System32\WindowsPowerShell\v1.0\;C:\WINDOWS\System32\OpenSSH\;C:\Program Files\nodejs\;C:\Program Files\Java\jdk-11.0.8;C:\Users\jpluc\AppData\Local\Microsoft\WindowsApps;C:\Users\jpluc\AppData\Roaming\npm;C:\Users\jpluc\AppData\Local\Programs\Microsoft VS Code\bin
USERNAME=jpluc
OS=Windows_NT
PROCESSOR_IDENTIFIER=Intel64 Family 6 Model 69 Stepping 1, GenuineIntel



---------------  S Y S T E M  ---------------

OS: Windows 10 , 64 bit Build 18362 (10.0.18362.959)

CPU:total 4 (initial active 4) (2 cores per cpu, 2 threads per core) family 6 model 69 stepping 1, cmov, cx8, fxsr, mmx, sse, sse2, sse3, ssse3, sse4.1, sse4.2, popcnt, avx, avx2, aes, clmul, erms, lzcnt, ht, tsc, tscinvbit, bmi1, bmi2, fma

Memory: 4k page, system-wide physical 7962M (1944M free)
TotalPageFile size 13964M (AvailPageFile size 1874M)
current process WorkingSet (physical memory assigned to process): 35M, peak: 35M
current process commit charge ("private bytes"): 195M, peak: 195M

vm_info: Java HotSpot(TM) 64-Bit Server VM (11.0.8+10-LTS) for windows-amd64 JRE (11.0.8+10-LTS), built on Jun 16 2020 05:53:08 by "mach5one" with unknown MS VC++:1916

END.
